<?xml version="1.0" encoding="UTF-8"?>
<testng-results skipped="0" failed="0" total="0" passed="0">
  <reporter-output>
  </reporter-output>
  <suite name="com.test.sample.hello_world.JxlSampleTest" duration-ms="5" started-at="2014-08-14T15:18:36Z" finished-at="2014-08-14T15:18:36Z">
    <groups>
    </groups>
    <test name="Command line test" duration-ms="5" started-at="2014-08-14T15:18:36Z" finished-at="2014-08-14T15:18:36Z">
    </test> <!-- Command line test -->
  </suite> <!-- com.test.sample.hello_world.JxlSampleTest -->
</testng-results>
